# JRE version: Java(TM) SE Runtime Environment (8.0_152-b16) (build 1.8.0_152-b16)
# Java VM: Java HotSpot(TM) 64-Bit Server VM (25.152-b16 mixed mode bsd-amd64 compressed oops)
Heap:
 PSYoungGen      total 178688K, used 31029K [0x00000007a0c00000, 0x00000007af500000, 0x00000007c0000000)
  eden space 164352K, 10% used [0x00000007a0c00000,0x00000007a1d20fb0,0x00000007aac80000)
  from space 14336K, 94% used [0x00000007aac80000,0x00000007ab9ac4a0,0x00000007aba80000)
  to   space 15872K, 0% used [0x00000007ae580000,0x00000007ae580000,0x00000007af500000)
 ParOldGen       total 146944K, used 26969K [0x0000000762400000, 0x000000076b380000, 0x00000007a0c00000)
  object space 146944K, 18% used [0x0000000762400000,0x0000000763e56560,0x000000076b380000)
 Metaspace       used 68822K, capacity 71656K, committed 71960K, reserved 1112064K
  class space    used 7973K, capacity 10219K, committed 10264K, reserved 1048576K
GC Heap History (10 events):
Event: 80.388 GC heap before
{Heap before GC invocations=14 (full 2):
 PSYoungGen      total 112128K, used 102864K [0x00000007a0c00000, 0x00000007aaa00000, 0x00000007c0000000)
  eden space 96256K, 100% used [0x00000007a0c00000,0x00000007a6a00000,0x00000007a6a00000)
  from space 15872K, 41% used [0x00000007a6a00000,0x00000007a70740a0,0x00000007a7980000)
  to   space 14848K, 0% used [0x00000007a9b80000,0x00000007a9b80000,0x00000007aaa00000)
 ParOldGen       total 110592K, used 17978K [0x0000000762400000, 0x0000000769000000, 0x00000007a0c00000)
  object space 110592K, 16% used [0x0000000762400000,0x000000076358ebf0,0x0000000769000000)
 Metaspace       used 46171K, capacity 47302K, committed 47784K, reserved 1091584K
  class space    used 5296K, capacity 6029K, committed 6056K, reserved 1048576K
Event: 80.421 GC heap after
Heap after GC invocations=14 (full 2):
 PSYoungGen      total 139776K, used 7920K [0x00000007a0c00000, 0x00000007aa600000, 0x00000007c0000000)
  eden space 129024K, 0% used [0x00000007a0c00000,0x00000007a0c00000,0x00000007a8a00000)
  from space 10752K, 73% used [0x00000007a9b80000,0x00000007aa33c3f0,0x00000007aa600000)
  to   space 14336K, 0% used [0x00000007a8a00000,0x00000007a8a00000,0x00000007a9800000)
 ParOldGen       total 110592K, used 19427K [0x0000000762400000, 0x0000000769000000, 0x00000007a0c00000)
  object space 110592K, 17% used [0x0000000762400000,0x00000007636f8d50,0x0000000769000000)
 Metaspace       used 46171K, capacity 47302K, committed 47784K, reserved 1091584K
  class space    used 5296K, capacity 6029K, committed 6056K, reserved 1048576K
}
Event: 96.552 GC heap before
{Heap before GC invocations=15 (full 2):
 PSYoungGen      total 139776K, used 136944K [0x00000007a0c00000, 0x00000007aa600000, 0x00000007c0000000)
  eden space 129024K, 100% used [0x00000007a0c00000,0x00000007a8a00000,0x00000007a8a00000)
  from space 10752K, 73% used [0x00000007a9b80000,0x00000007aa33c3f0,0x00000007aa600000)
  to   space 14336K, 0% used [0x00000007a8a00000,0x00000007a8a00000,0x00000007a9800000)
 ParOldGen       total 110592K, used 19427K [0x0000000762400000, 0x0000000769000000, 0x00000007a0c00000)
  object space 110592K, 17% used [0x0000000762400000,0x00000007636f8d50,0x0000000769000000)
 Metaspace       used 52694K, capacity 53962K, committed 54440K, reserved 1097728K
  class space    used 6176K, capacity 7013K, committed 7080K, reserved 1048576K
Event: 96.586 GC heap after
Heap after GC invocations=15 (full 2):
 PSYoungGen      total 143360K, used 9099K [0x00000007a0c00000, 0x00000007acc00000, 0x00000007c0000000)
  eden space 129024K, 0% used [0x00000007a0c00000,0x00000007a0c00000,0x00000007a8a00000)
  from space 14336K, 63% used [0x00000007a8a00000,0x00000007a92e2dc8,0x00000007a9800000)
  to   space 14336K, 0% used [0x00000007abe00000,0x00000007abe00000,0x00000007acc00000)
 ParOldGen       total 110592K, used 21219K [0x0000000762400000, 0x0000000769000000, 0x00000007a0c00000)
  object space 110592K, 19% used [0x0000000762400000,0x00000007638b8f30,0x0000000769000000)
 Metaspace       used 52694K, capacity 53962K, committed 54440K, reserved 1097728K
  class space    used 6176K, capacity 7013K, committed 7080K, reserved 1048576K
}
Event: 98.657 GC heap before
{Heap before GC invocations=16 (full 2):
 PSYoungGen      total 143360K, used 40726K [0x00000007a0c00000, 0x00000007acc00000, 0x00000007c0000000)
  eden space 129024K, 24% used [0x00000007a0c00000,0x00000007a2ae2b38,0x00000007a8a00000)
  from space 14336K, 63% used [0x00000007a8a00000,0x00000007a92e2dc8,0x00000007a9800000)
  to   space 14336K, 0% used [0x00000007abe00000,0x00000007abe00000,0x00000007acc00000)
 ParOldGen       total 110592K, used 21219K [0x0000000762400000, 0x0000000769000000, 0x00000007a0c00000)
  object space 110592K, 19% used [0x0000000762400000,0x00000007638b8f30,0x0000000769000000)
 Metaspace       used 57473K, capacity 58706K, committed 59160K, reserved 1101824K
  class space    used 6532K, capacity 7365K, committed 7448K, reserved 1048576K
Event: 98.665 GC heap after
Heap after GC invocations=16 (full 2):
 PSYoungGen      total 175104K, used 4498K [0x00000007a0c00000, 0x00000007ac880000, 0x00000007c0000000)
  eden space 164352K, 0% used [0x00000007a0c00000,0x00000007a0c00000,0x00000007aac80000)
  from space 10752K, 41% used [0x00000007abe00000,0x00000007ac264808,0x00000007ac880000)
  to   space 14336K, 0% used [0x00000007aac80000,0x00000007aac80000,0x00000007aba80000)
 ParOldGen       total 110592K, used 23891K [0x0000000762400000, 0x0000000769000000, 0x00000007a0c00000)
  object space 110592K, 21% used [0x0000000762400000,0x0000000763b54e10,0x0000000769000000)
 Metaspace       used 57473K, capacity 58706K, committed 59160K, reserved 1101824K
  class space    used 6532K, capacity 7365K, committed 7448K, reserved 1048576K
}
Event: 98.665 GC heap before
{Heap before GC invocations=17 (full 3):
 PSYoungGen      total 175104K, used 4498K [0x00000007a0c00000, 0x00000007ac880000, 0x00000007c0000000)
  eden space 164352K, 0% used [0x00000007a0c00000,0x00000007a0c00000,0x00000007aac80000)
  from space 10752K, 41% used [0x00000007abe00000,0x00000007ac264808,0x00000007ac880000)
  to   space 14336K, 0% used [0x00000007aac80000,0x00000007aac80000,0x00000007aba80000)
 ParOldGen       total 110592K, used 23891K [0x0000000762400000, 0x0000000769000000, 0x00000007a0c00000)
  object space 110592K, 21% used [0x0000000762400000,0x0000000763b54e10,0x0000000769000000)
 Metaspace       used 57473K, capacity 58706K, committed 59160K, reserved 1101824K
  class space    used 6532K, capacity 7365K, committed 7448K, reserved 1048576K
Event: 98.857 GC heap after
Heap after GC invocations=17 (full 3):
 PSYoungGen      total 175104K, used 0K [0x00000007a0c00000, 0x00000007ac880000, 0x00000007c0000000)
  eden space 164352K, 0% used [0x00000007a0c00000,0x00000007a0c00000,0x00000007aac80000)
  from space 10752K, 0% used [0x00000007abe00000,0x00000007abe00000,0x00000007ac880000)
  to   space 14336K, 0% used [0x00000007aac80000,0x00000007aac80000,0x00000007aba80000)
 ParOldGen       total 146944K, used 26961K [0x0000000762400000, 0x000000076b380000, 0x00000007a0c00000)
  object space 146944K, 18% used [0x0000000762400000,0x0000000763e54560,0x000000076b380000)
 Metaspace       used 57473K, capacity 58706K, committed 59160K, reserved 1101824K
  class space    used 6532K, capacity 7365K, committed 7448K, reserved 1048576K
}
Event: 551.987 GC heap before
{Heap before GC invocations=18 (full 3):
 PSYoungGen      total 175104K, used 164352K [0x00000007a0c00000, 0x00000007ac880000, 0x00000007c0000000)
  eden space 164352K, 100% used [0x00000007a0c00000,0x00000007aac80000,0x00000007aac80000)
  from space 10752K, 0% used [0x00000007abe00000,0x00000007abe00000,0x00000007ac880000)
  to   space 14336K, 0% used [0x00000007aac80000,0x00000007aac80000,0x00000007aba80000)
 ParOldGen       total 146944K, used 26961K [0x0000000762400000, 0x000000076b380000, 0x00000007a0c00000)
  object space 146944K, 18% used [0x0000000762400000,0x0000000763e54560,0x000000076b380000)
 Metaspace       used 68079K, capacity 70714K, committed 71192K, reserved 1110016K
  class space    used 7878K, capacity 9913K, committed 10008K, reserved 1048576K
Event: 552.023 GC heap after
Heap after GC invocations=18 (full 3):
 PSYoungGen      total 178688K, used 13489K [0x00000007a0c00000, 0x00000007af500000, 0x00000007c0000000)
  eden space 164352K, 0% used [0x00000007a0c00000,0x00000007a0c00000,0x00000007aac80000)
  from space 14336K, 94% used [0x00000007aac80000,0x00000007ab9ac4a0,0x00000007aba80000)
  to   space 15872K, 0% used [0x00000007ae580000,0x00000007ae580000,0x00000007af500000)
 ParOldGen       total 146944K, used 26969K [0x0000000762400000, 0x000000076b380000, 0x00000007a0c00000)
  object space 146944K, 18% used [0x0000000762400000,0x0000000763e56560,0x000000076b380000)
 Metaspace       used 68079K, capacity 70714K, committed 71192K, reserved 1110016K
  class space    used 7878K, capacity 9913K, committed 10008K, reserved 1048576K
}

