# JRE version: OpenJDK Runtime Environment AppleJDK-8.0.312.7.1 (build 1.8.0_312-b07)
# Java VM: OpenJDK 64-Bit Server VM AppleJDK-8.0.312.7.1 (25.312-b07 mixed mode bsd-amd64 compressed oops)
Heap:
 PSYoungGen      total 582656K, used 285092K [0x000000078ab00000, 0x00000007c0000000, 0x00000007c0000000)
  eden space 291840K, 96% used [0x000000078ab00000,0x000000079bf2e740,0x000000079c800000)
  from space 290816K, 0% used [0x00000007ae400000,0x00000007ae63ac08,0x00000007c0000000)
  to   space 290816K, 0% used [0x000000079c800000,0x000000079c800000,0x00000007ae400000)
 ParOldGen       total 1614848K, used 1493457K [0x0000000720000000, 0x0000000782900000, 0x000000078ab00000)
  object space 1614848K, 92% used [0x0000000720000000,0x000000077b274470,0x0000000782900000)
 Metaspace       used 236739K, capacity 254086K, committed 254320K, reserved 1269760K
  class space    used 28627K, capacity 33002K, committed 33200K, reserved 1048576K
GC Heap History (10 events):
Event: 275.084 GC heap before
{Heap before GC invocations=206 (full 14):
 PSYoungGen      total 582656K, used 555973K [0x000000078ab00000, 0x00000007c0000000, 0x00000007c0000000)
  eden space 291840K, 100% used [0x000000078ab00000,0x000000079c800000,0x000000079c800000)
  from space 290816K, 90% used [0x000000079c800000,0x00000007ac9f1578,0x00000007ae400000)
  to   space 290816K, 0% used [0x00000007ae400000,0x00000007ae400000,0x00000007c0000000)
 ParOldGen       total 1614848K, used 1325971K [0x0000000720000000, 0x0000000782900000, 0x000000078ab00000)
  object space 1614848K, 82% used [0x0000000720000000,0x0000000770ee4d98,0x0000000782900000)
 Metaspace       used 236377K, capacity 253646K, committed 253936K, reserved 1269760K
  class space    used 28579K, capacity 32952K, committed 33072K, reserved 1048576K
Event: 275.125 GC heap after
Heap after GC invocations=206 (full 14):
 PSYoungGen      total 582656K, used 282312K [0x000000078ab00000, 0x00000007c0000000, 0x00000007c0000000)
  eden space 291840K, 0% used [0x000000078ab00000,0x000000078ab00000,0x000000079c800000)
  from space 290816K, 97% used [0x00000007ae400000,0x00000007bf7b2318,0x00000007c0000000)
  to   space 290816K, 0% used [0x000000079c800000,0x000000079c800000,0x00000007ae400000)
 ParOldGen       total 1614848K, used 1326059K [0x0000000720000000, 0x0000000782900000, 0x000000078ab00000)
  object space 1614848K, 82% used [0x0000000720000000,0x0000000770efad98,0x0000000782900000)
 Metaspace       used 236377K, capacity 253646K, committed 253936K, reserved 1269760K
  class space    used 28579K, capacity 32952K, committed 33072K, reserved 1048576K
}
Event: 275.253 GC heap before
{Heap before GC invocations=207 (full 14):
 PSYoungGen      total 582656K, used 574152K [0x000000078ab00000, 0x00000007c0000000, 0x00000007c0000000)
  eden space 291840K, 100% used [0x000000078ab00000,0x000000079c800000,0x000000079c800000)
  from space 290816K, 97% used [0x00000007ae400000,0x00000007bf7b2318,0x00000007c0000000)
  to   space 290816K, 0% used [0x000000079c800000,0x000000079c800000,0x00000007ae400000)
 ParOldGen       total 1614848K, used 1326059K [0x0000000720000000, 0x0000000782900000, 0x000000078ab00000)
  object space 1614848K, 82% used [0x0000000720000000,0x0000000770efad98,0x0000000782900000)
 Metaspace       used 236377K, capacity 253646K, committed 253936K, reserved 1269760K
  class space    used 28579K, capacity 32952K, committed 33072K, reserved 1048576K
Event: 275.385 GC heap after
Heap after GC invocations=207 (full 14):
 PSYoungGen      total 582656K, used 160430K [0x000000078ab00000, 0x00000007c0000000, 0x00000007c0000000)
  eden space 291840K, 0% used [0x000000078ab00000,0x000000078ab00000,0x000000079c800000)
  from space 290816K, 55% used [0x000000079c800000,0x00000007a64ab880,0x00000007ae400000)
  to   space 290816K, 0% used [0x00000007ae400000,0x00000007ae400000,0x00000007c0000000)
 ParOldGen       total 1614848K, used 1432691K [0x0000000720000000, 0x0000000782900000, 0x000000078ab00000)
  object space 1614848K, 88% used [0x0000000720000000,0x000000077771cdb8,0x0000000782900000)
 Metaspace       used 236377K, capacity 253646K, committed 253936K, reserved 1269760K
  class space    used 28579K, capacity 32952K, committed 33072K, reserved 1048576K
}
Event: 275.813 GC heap before
{Heap before GC invocations=208 (full 14):
 PSYoungGen      total 582656K, used 452270K [0x000000078ab00000, 0x00000007c0000000, 0x00000007c0000000)
  eden space 291840K, 100% used [0x000000078ab00000,0x000000079c800000,0x000000079c800000)
  from space 290816K, 55% used [0x000000079c800000,0x00000007a64ab880,0x00000007ae400000)
  to   space 290816K, 0% used [0x00000007ae400000,0x00000007ae400000,0x00000007c0000000)
 ParOldGen       total 1614848K, used 1432691K [0x0000000720000000, 0x0000000782900000, 0x000000078ab00000)
  object space 1614848K, 88% used [0x0000000720000000,0x000000077771cdb8,0x0000000782900000)
 Metaspace       used 236388K, capacity 253710K, committed 253936K, reserved 1269760K
  class space    used 28579K, capacity 32952K, committed 33072K, reserved 1048576K
Event: 275.884 GC heap after
Heap after GC invocations=208 (full 14):
 PSYoungGen      total 582656K, used 115330K [0x000000078ab00000, 0x00000007c0000000, 0x00000007c0000000)
  eden space 291840K, 0% used [0x000000078ab00000,0x000000078ab00000,0x000000079c800000)
  from space 290816K, 39% used [0x00000007ae400000,0x00000007b54a0b48,0x00000007c0000000)
  to   space 290816K, 0% used [0x000000079c800000,0x000000079c800000,0x00000007ae400000)
 ParOldGen       total 1614848K, used 1493401K [0x0000000720000000, 0x0000000782900000, 0x000000078ab00000)
  object space 1614848K, 92% used [0x0000000720000000,0x000000077b266470,0x0000000782900000)
 Metaspace       used 236388K, capacity 253710K, committed 253936K, reserved 1269760K
  class space    used 28579K, capacity 32952K, committed 33072K, reserved 1048576K
}
Event: 276.492 GC heap before
{Heap before GC invocations=209 (full 14):
 PSYoungGen      total 582656K, used 406965K [0x000000078ab00000, 0x00000007c0000000, 0x00000007c0000000)
  eden space 291840K, 99% used [0x000000078ab00000,0x000000079c7ccb58,0x000000079c800000)
  from space 290816K, 39% used [0x00000007ae400000,0x00000007b54a0b48,0x00000007c0000000)
  to   space 290816K, 0% used [0x000000079c800000,0x000000079c800000,0x00000007ae400000)
 ParOldGen       total 1614848K, used 1493401K [0x0000000720000000, 0x0000000782900000, 0x000000078ab00000)
  object space 1614848K, 92% used [0x0000000720000000,0x000000077b266470,0x0000000782900000)
 Metaspace       used 236426K, capacity 253716K, committed 253936K, reserved 1269760K
  class space    used 28581K, capacity 32953K, committed 33072K, reserved 1048576K
Event: 276.501 GC heap after
Heap after GC invocations=209 (full 14):
 PSYoungGen      total 582656K, used 7339K [0x000000078ab00000, 0x00000007c0000000, 0x00000007c0000000)
  eden space 291840K, 0% used [0x000000078ab00000,0x000000078ab00000,0x000000079c800000)
  from space 290816K, 2% used [0x000000079c800000,0x000000079cf2adf8,0x00000007ae400000)
  to   space 290816K, 0% used [0x00000007ae400000,0x00000007ae400000,0x00000007c0000000)
 ParOldGen       total 1614848K, used 1493417K [0x0000000720000000, 0x0000000782900000, 0x000000078ab00000)
  object space 1614848K, 92% used [0x0000000720000000,0x000000077b26a470,0x0000000782900000)
 Metaspace       used 236426K, capacity 253716K, committed 253936K, reserved 1269760K
  class space    used 28581K, capacity 32953K, committed 33072K, reserved 1048576K
}
Event: 276.898 GC heap before
{Heap before GC invocations=210 (full 14):
 PSYoungGen      total 582656K, used 299179K [0x000000078ab00000, 0x00000007c0000000, 0x00000007c0000000)
  eden space 291840K, 100% used [0x000000078ab00000,0x000000079c800000,0x000000079c800000)
  from space 290816K, 2% used [0x000000079c800000,0x000000079cf2adf8,0x00000007ae400000)
  to   space 290816K, 0% used [0x00000007ae400000,0x00000007ae400000,0x00000007c0000000)
 ParOldGen       total 1614848K, used 1493417K [0x0000000720000000, 0x0000000782900000, 0x000000078ab00000)
  object space 1614848K, 92% used [0x0000000720000000,0x000000077b26a470,0x0000000782900000)
 Metaspace       used 236449K, capacity 253788K, committed 253936K, reserved 1269760K
  class space    used 28581K, capacity 32953K, committed 33072K, reserved 1048576K
Event: 276.904 GC heap after
Heap after GC invocations=210 (full 14):
 PSYoungGen      total 582656K, used 2283K [0x000000078ab00000, 0x00000007c0000000, 0x00000007c0000000)
  eden space 291840K, 0% used [0x000000078ab00000,0x000000078ab00000,0x000000079c800000)
  from space 290816K, 0% used [0x00000007ae400000,0x00000007ae63ac08,0x00000007c0000000)
  to   space 290816K, 0% used [0x000000079c800000,0x000000079c800000,0x00000007ae400000)
 ParOldGen       total 1614848K, used 1493457K [0x0000000720000000, 0x0000000782900000, 0x000000078ab00000)
  object space 1614848K, 92% used [0x0000000720000000,0x000000077b274470,0x0000000782900000)
 Metaspace       used 236449K, capacity 253788K, committed 253936K, reserved 1269760K
  class space    used 28581K, capacity 32953K, committed 33072K, reserved 1048576K
}

